#
# There is insufficient memory for the Java Runtime Environment to continue.
# Cannot create worker GC thread. Out of system resources.
# Possible reasons:
#   The system is out of physical RAM or swap space
#   The process is running with CompressedOops enabled, and the Java Heap may be blocking the growth of the native heap
# Possible solutions:
#   Reduce memory load on the system
#   Increase physical memory or swap space
#   Check if swap backing store is full
#   Decrease Java heap size (-Xmx/-Xms)
#   Decrease number of Java threads
#   Decrease Java thread stack sizes (-Xss)
#   Set larger code cache with -XX:ReservedCodeCacheSize=
#   JVM is running with Unscaled Compressed Oops mode in which the Java heap is
#     placed in the first 4GB address space. The Java Heap base address is the
#     maximum limit for the native heap growth. Please use -XX:HeapBaseMinAddress
#     to set the Java Heap base and to place the Java Heap above 4GB virtual address.
# This output file may be truncated or incomplete.
#
#  Out of Memory Error (workerManager.hpp:70), pid=23952, tid=23952
#
# JRE version:  (11.0.4+11) (build )
# Java VM: OpenJDK 64-Bit Server VM (11.0.4+11-post-Ubuntu-1ubuntu218.04.3, mixed mode, aot, sharing, tiered, compressed oops, g1 gc, linux-amd64)
# Core dump will be written. Default location: Core dumps may be processed with "/usr/share/apport/apport %p %s %c %d %P" (or dumping to /u/l/jl2553/eclipse-workspace/ODPE/core.23952)
#

---------------  S U M M A R Y ------------

Command Line: -agentlib:jdwp=transport=dt_socket,suspend=y,address=localhost:37591 -javaagent:/u/l/jl2553/eclinux/configuration/org.eclipse.osgi/406/0/.cp/lib/javaagent-shaded.jar -Dfile.encoding=UTF-8 odpe.OpenDeductionProofEditor

Host: Intel(R) Xeon(R) Silver 4114 CPU @ 2.20GHz, 4 cores, 15G, Ubuntu 18.04.3 LTS
Time: Wed Nov 13 21:08:52 2019 GMT elapsed time: 0 seconds (0d 0h 0m 0s)

---------------  T H R E A D  ---------------

Current thread (0x000055a4df307800):  JavaThread "Unknown thread" [_thread_in_vm, id=23952, stack(0x00007fffd3fcd000,0x00007fffd41cb000)]

Stack: [0x00007fffd3fcd000,0x00007fffd41cb000],  sp=0x00007fffd41c5ff0,  free space=2019k
Native frames: (J=compiled Java code, A=aot compiled Java code, j=interpreted, Vv=VM code, C=native code)
V  [libjvm.so+0xde4547]
V  [libjvm.so+0xde519b]
V  [libjvm.so+0x6511a5]
V  [libjvm.so+0xe0fde1]
V  [libjvm.so+0x72a0c5]
V  [libjvm.so+0x71bc39]
V  [libjvm.so+0xd9ea22]
V  [libjvm.so+0xd9ecc6]
V  [libjvm.so+0x80f907]
V  [libjvm.so+0xd7d627]
V  [libjvm.so+0x8c8611]  JNI_CreateJavaVM+0x51
C  [libjli.so+0x4a66]
C  [libjli.so+0x9ec1]
C  [libjli.so+0x6562]
C  [libjli.so+0x7c5e]  JLI_Launch+0x14ee
C  [java+0xb4e]


---------------  P R O C E S S  ---------------

Threads class SMR info:
_java_thread_list=0x000055a4df2f6070, length=0, elements={
}

Java Threads: ( => current thread )

Other Threads:

[error occurred during error reporting (printing all threads), id 0xb, SIGSEGV (0xb) at pc=0x00007fc9f0a99333]

VM state:not at safepoint (not fully initialized)

VM Mutex/Monitor currently owned by a thread: None


[error occurred during error reporting (printing compressed oops mode), id 0xb, SIGSEGV (0xb) at pc=0x00007fc9f0abc413]

GC Heap History (0 events):
No events

Deoptimization events (0 events):
No events

Classes redefined (0 events):
No events

Internal exceptions (0 events):
No events

Events (0 events):
No events


Dynamic libraries:
55a4df047000-55a4df048000 r-xp 00000000 08:01 2885879                    /usr/lib/jvm/java-11-openjdk-amd64/bin/java
55a4df248000-55a4df249000 r--p 00001000 08:01 2885879                    /usr/lib/jvm/java-11-openjdk-amd64/bin/java
55a4df249000-55a4df24a000 rw-p 00002000 08:01 2885879                    /usr/lib/jvm/java-11-openjdk-amd64/bin/java
55a4df2de000-55a4df341000 rw-p 00000000 00:00 0                          [heap]
7fc9d6bc7000-7fc9d6bc8000 ---p 00000000 00:00 0 
7fc9d6bc8000-7fc9d6cce000 rw-p 00000000 00:00 0 
7fc9d6cce000-7fc9d6db4000 ---p 00000000 00:00 0 
7fc9d6db4000-7fc9d6db9000 rw-p 00000000 00:00 0 
7fc9d6db9000-7fc9d6e9f000 ---p 00000000 00:00 0 
7fc9d6e9f000-7fc9d710f000 rwxp 00000000 00:00 0 
7fc9d710f000-7fc9d742f000 ---p 00000000 00:00 0 
7fc9d742f000-7fc9d769f000 rwxp 00000000 00:00 0 
7fc9d769f000-7fc9de967000 ---p 00000000 00:00 0 
7fc9de967000-7fc9debd7000 rwxp 00000000 00:00 0 
7fc9debd7000-7fc9e5e9f000 ---p 00000000 00:00 0 
7fc9e5e9f000-7fc9ee549000 r--s 00000000 08:01 4220712                    /usr/lib/jvm/java-11-openjdk-amd64/lib/modules
7fc9ee549000-7fc9ee54e000 r-xp 00000000 08:01 4194878                    /usr/lib/jvm/java-11-openjdk-amd64/lib/libjimage.so
7fc9ee54e000-7fc9ee74d000 ---p 00005000 08:01 4194878                    /usr/lib/jvm/java-11-openjdk-amd64/lib/libjimage.so
7fc9ee74d000-7fc9ee74e000 r--p 00004000 08:01 4194878                    /usr/lib/jvm/java-11-openjdk-amd64/lib/libjimage.so
7fc9ee74e000-7fc9ee74f000 rw-p 00005000 08:01 4194878                    /usr/lib/jvm/java-11-openjdk-amd64/lib/libjimage.so
7fc9ee74f000-7fc9ee756000 r-xp 00000000 08:01 4220710                    /usr/lib/jvm/java-11-openjdk-amd64/lib/libzip.so
7fc9ee756000-7fc9ee955000 ---p 00007000 08:01 4220710                    /usr/lib/jvm/java-11-openjdk-amd64/lib/libzip.so
7fc9ee955000-7fc9ee956000 r--p 00006000 08:01 4220710                    /usr/lib/jvm/java-11-openjdk-amd64/lib/libzip.so
7fc9ee956000-7fc9ee957000 rw-p 00007000 08:01 4220710                    /usr/lib/jvm/java-11-openjdk-amd64/lib/libzip.so
7fc9ee957000-7fc9ee961000 r-xp 00000000 08:01 4194869                    /usr/lib/jvm/java-11-openjdk-amd64/lib/libinstrument.so
7fc9ee961000-7fc9eeb60000 ---p 0000a000 08:01 4194869                    /usr/lib/jvm/java-11-openjdk-amd64/lib/libinstrument.so
7fc9eeb60000-7fc9eeb61000 r--p 00009000 08:01 4194869                    /usr/lib/jvm/java-11-openjdk-amd64/lib/libinstrument.so
7fc9eeb61000-7fc9eeb62000 rw-p 0000a000 08:01 4194869                    /usr/lib/jvm/java-11-openjdk-amd64/lib/libinstrument.so
7fc9eeb62000-7fc9eeb9d000 r-xp 00000000 08:01 4194877                    /usr/lib/jvm/java-11-openjdk-amd64/lib/libjdwp.so
7fc9eeb9d000-7fc9eed9c000 ---p 0003b000 08:01 4194877                    /usr/lib/jvm/java-11-openjdk-amd64/lib/libjdwp.so
7fc9eed9c000-7fc9eed9d000 r--p 0003a000 08:01 4194877                    /usr/lib/jvm/java-11-openjdk-amd64/lib/libjdwp.so
7fc9eed9d000-7fc9eed9e000 rw-p 0003b000 08:01 4194877                    /usr/lib/jvm/java-11-openjdk-amd64/lib/libjdwp.so
7fc9eed9e000-7fc9eedc7000 r-xp 00000000 08:01 4194874                    /usr/lib/jvm/java-11-openjdk-amd64/lib/libjava.so
7fc9eedc7000-7fc9eefc6000 ---p 00029000 08:01 4194874                    /usr/lib/jvm/java-11-openjdk-amd64/lib/libjava.so
7fc9eefc6000-7fc9eefc7000 r--p 00028000 08:01 4194874                    /usr/lib/jvm/java-11-openjdk-amd64/lib/libjava.so
7fc9eefc7000-7fc9eefc9000 rw-p 00029000 08:01 4194874                    /usr/lib/jvm/java-11-openjdk-amd64/lib/libjava.so
7fc9eefc9000-7fc9eefd6000 r-xp 00000000 08:01 4197076                    /usr/lib/jvm/java-11-openjdk-amd64/lib/libverify.so
7fc9eefd6000-7fc9ef1d5000 ---p 0000d000 08:01 4197076                    /usr/lib/jvm/java-11-openjdk-amd64/lib/libverify.so
7fc9ef1d5000-7fc9ef1d7000 r--p 0000c000 08:01 4197076                    /usr/lib/jvm/java-11-openjdk-amd64/lib/libverify.so
7fc9ef1d7000-7fc9ef1d8000 rw-p 0000e000 08:01 4197076                    /usr/lib/jvm/java-11-openjdk-amd64/lib/libverify.so
7fc9ef1d8000-7fc9ef1df000 r-xp 00000000 08:01 5505543                    /lib/x86_64-linux-gnu/librt-2.27.so
7fc9ef1df000-7fc9ef3de000 ---p 00007000 08:01 5505543                    /lib/x86_64-linux-gnu/librt-2.27.so
7fc9ef3de000-7fc9ef3df000 r--p 00006000 08:01 5505543                    /lib/x86_64-linux-gnu/librt-2.27.so
7fc9ef3df000-7fc9ef3e0000 rw-p 00007000 08:01 5505543                    /lib/x86_64-linux-gnu/librt-2.27.so
7fc9ef3e0000-7fc9ef3f7000 r-xp 00000000 08:01 5505055                    /lib/x86_64-linux-gnu/libgcc_s.so.1
7fc9ef3f7000-7fc9ef5f6000 ---p 00017000 08:01 5505055                    /lib/x86_64-linux-gnu/libgcc_s.so.1
7fc9ef5f6000-7fc9ef5f7000 r--p 00016000 08:01 5505055                    /lib/x86_64-linux-gnu/libgcc_s.so.1
7fc9ef5f7000-7fc9ef5f8000 rw-p 00017000 08:01 5505055                    /lib/x86_64-linux-gnu/libgcc_s.so.1
7fc9ef5f8000-7fc9ef795000 r-xp 00000000 08:01 5505496                    /lib/x86_64-linux-gnu/libm-2.27.so
7fc9ef795000-7fc9ef994000 ---p 0019d000 08:01 5505496                    /lib/x86_64-linux-gnu/libm-2.27.so
7fc9ef994000-7fc9ef995000 r--p 0019c000 08:01 5505496                    /lib/x86_64-linux-gnu/libm-2.27.so
7fc9ef995000-7fc9ef996000 rw-p 0019d000 08:01 5505496                    /lib/x86_64-linux-gnu/libm-2.27.so
7fc9ef996000-7fc9efb0f000 r-xp 00000000 08:01 2886473                    /usr/lib/x86_64-linux-gnu/libstdc++.so.6.0.25
7fc9efb0f000-7fc9efd0f000 ---p 00179000 08:01 2886473                    /usr/lib/x86_64-linux-gnu/libstdc++.so.6.0.25
7fc9efd0f000-7fc9efd19000 r--p 00179000 08:01 2886473                    /usr/lib/x86_64-linux-gnu/libstdc++.so.6.0.25
7fc9efd19000-7fc9efd1b000 rw-p 00183000 08:01 2886473                    /usr/lib/x86_64-linux-gnu/libstdc++.so.6.0.25
7fc9efd1b000-7fc9efd1f000 rw-p 00000000 00:00 0 
7fc9efd1f000-7fc9f0deb000 r-xp 00000000 08:01 4275021                    /usr/lib/jvm/java-11-openjdk-amd64/lib/server/libjvm.so
7fc9f0deb000-7fc9f0fea000 ---p 010cc000 08:01 4275021                    /usr/lib/jvm/java-11-openjdk-amd64/lib/server/libjvm.so
7fc9f0fea000-7fc9f10a7000 r--p 010cb000 08:01 4275021                    /usr/lib/jvm/java-11-openjdk-amd64/lib/server/libjvm.so
7fc9f10a7000-7fc9f10e0000 rw-p 01188000 08:01 4275021                    /usr/lib/jvm/java-11-openjdk-amd64/lib/server/libjvm.so
7fc9f10e0000-7fc9f1136000 rw-p 00000000 00:00 0 
7fc9f1136000-7fc9f1150000 r-xp 00000000 08:01 5505537                    /lib/x86_64-linux-gnu/libpthread-2.27.so
7fc9f1150000-7fc9f134f000 ---p 0001a000 08:01 5505537                    /lib/x86_64-linux-gnu/libpthread-2.27.so
7fc9f134f000-7fc9f1350000 r--p 00019000 08:01 5505537                    /lib/x86_64-linux-gnu/libpthread-2.27.so
7fc9f1350000-7fc9f1351000 rw-p 0001a000 08:01 5505537                    /lib/x86_64-linux-gnu/libpthread-2.27.so
7fc9f1351000-7fc9f1355000 rw-p 00000000 00:00 0 
7fc9f1355000-7fc9f1358000 r-xp 00000000 08:01 5505467                    /lib/x86_64-linux-gnu/libdl-2.27.so
7fc9f1358000-7fc9f1557000 ---p 00003000 08:01 5505467                    /lib/x86_64-linux-gnu/libdl-2.27.so
7fc9f1557000-7fc9f1558000 r--p 00002000 08:01 5505467                    /lib/x86_64-linux-gnu/libdl-2.27.so
7fc9f1558000-7fc9f1559000 rw-p 00003000 08:01 5505467                    /lib/x86_64-linux-gnu/libdl-2.27.so
7fc9f1559000-7fc9f1575000 r-xp 00000000 08:01 5505568                    /lib/x86_64-linux-gnu/libz.so.1.2.11
7fc9f1575000-7fc9f1774000 ---p 0001c000 08:01 5505568                    /lib/x86_64-linux-gnu/libz.so.1.2.11
7fc9f1774000-7fc9f1775000 r--p 0001b000 08:01 5505568                    /lib/x86_64-linux-gnu/libz.so.1.2.11
7fc9f1775000-7fc9f1776000 rw-p 0001c000 08:01 5505568                    /lib/x86_64-linux-gnu/libz.so.1.2.11
7fc9f1776000-7fc9f195d000 r-xp 00000000 08:01 5505450                    /lib/x86_64-linux-gnu/libc-2.27.so
7fc9f195d000-7fc9f1b5d000 ---p 001e7000 08:01 5505450                    /lib/x86_64-linux-gnu/libc-2.27.so
7fc9f1b5d000-7fc9f1b61000 r--p 001e7000 08:01 5505450                    /lib/x86_64-linux-gnu/libc-2.27.so
7fc9f1b61000-7fc9f1b63000 rw-p 001eb000 08:01 5505450                    /lib/x86_64-linux-gnu/libc-2.27.so
7fc9f1b63000-7fc9f1b67000 rw-p 00000000 00:00 0 
7fc9f1b67000-7fc9f1b77000 r-xp 00000000 08:01 4194858                    /usr/lib/jvm/java-11-openjdk-amd64/lib/jli/libjli.so
7fc9f1b77000-7fc9f1d76000 ---p 00010000 08:01 4194858                    /usr/lib/jvm/java-11-openjdk-amd64/lib/jli/libjli.so
7fc9f1d76000-7fc9f1d77000 r--p 0000f000 08:01 4194858                    /usr/lib/jvm/java-11-openjdk-amd64/lib/jli/libjli.so
7fc9f1d77000-7fc9f1d78000 rw-p 00010000 08:01 4194858                    /usr/lib/jvm/java-11-openjdk-amd64/lib/jli/libjli.so
7fc9f1d78000-7fc9f1d9f000 r-xp 00000000 08:01 5505426                    /lib/x86_64-linux-gnu/ld-2.27.so
7fc9f1dc1000-7fc9f1e6d000 r--s 00000000 08:01 657587                     /var/cache/nscd/passwd
7fc9f1e6d000-7fc9f1f70000 rw-p 00000000 00:00 0 
7fc9f1f85000-7fc9f1f8a000 rw-p 00000000 00:00 0 
7fc9f1f8a000-7fc9f1f91000 ---p 00000000 00:00 0 
7fc9f1f91000-7fc9f1f93000 r--s 00007000 08:01 4353308                    /usr/share/java/java-atk-wrapper.jar
7fc9f1f93000-7fc9f1f9b000 rw-s 00000000 08:01 3973629                    /tmp/hsperfdata_jl2553/23952
7fc9f1f9b000-7fc9f1f9c000 ---p 00000000 00:00 0 
7fc9f1f9c000-7fc9f1f9d000 r--p 00000000 00:00 0 
7fc9f1f9d000-7fc9f1f9f000 rw-p 00000000 00:00 0 
7fc9f1f9f000-7fc9f1fa0000 r--p 00027000 08:01 5505426                    /lib/x86_64-linux-gnu/ld-2.27.so
7fc9f1fa0000-7fc9f1fa1000 rw-p 00028000 08:01 5505426                    /lib/x86_64-linux-gnu/ld-2.27.so
7fc9f1fa1000-7fc9f1fa2000 rw-p 00000000 00:00 0 
7fffd3fcd000-7fffd3fd1000 ---p 00000000 00:00 0 
7fffd41ac000-7fffd41cd000 rw-p 00000000 00:00 0                          [stack]
7fffd41d4000-7fffd41d7000 r--p 00000000 00:00 0                          [vvar]
7fffd41d7000-7fffd41d9000 r-xp 00000000 00:00 0                          [vdso]
ffffffffff600000-ffffffffff601000 r-xp 00000000 00:00 0                  [vsyscall]


VM Arguments:
jvm_args: -agentlib:jdwp=transport=dt_socket,suspend=y,address=localhost:37591 -javaagent:/u/l/jl2553/eclinux/configuration/org.eclipse.osgi/406/0/.cp/lib/javaagent-shaded.jar -Dfile.encoding=UTF-8 
java_command: odpe.OpenDeductionProofEditor
java_class_path (initial): /u/l/jl2553/eclipse-workspace/ODPE/bin
Launcher Type: SUN_STANDARD

[Global flags]
     intx CICompilerCount                          = 3                                         {product} {ergonomic}
     uint G1ConcRefinementThreads                  = 4                                         {product} {ergonomic}
   size_t G1HeapRegionSize                         = 1048576                                   {product} {ergonomic}
    uintx GCDrainStackTargetSize                   = 64                                        {product} {ergonomic}
   size_t InitialHeapSize                          = 264241152                                 {product} {ergonomic}
   size_t MaxHeapSize                              = 4206886912                                {product} {ergonomic}
   size_t MinHeapDeltaBytes                        = 1048576                                   {product} {ergonomic}
    uintx NonNMethodCodeHeapSize                   = 5830092                                {pd product} {ergonomic}
    uintx NonProfiledCodeHeapSize                  = 122914074                              {pd product} {ergonomic}
    uintx ProfiledCodeHeapSize                     = 122914074                              {pd product} {ergonomic}
    uintx ReservedCodeCacheSize                    = 251658240                              {pd product} {ergonomic}
     bool SegmentedCodeCache                       = true                                      {product} {ergonomic}
     bool UseCompressedClassPointers               = true                                 {lp64_product} {ergonomic}
     bool UseCompressedOops                        = true                                 {lp64_product} {ergonomic}
     bool UseG1GC                                  = true                                      {product} {ergonomic}

Logging:
Log output configuration:
 #0: stdout all=warning uptime,level,tags
 #1: stderr all=off uptime,level,tags

Environment Variables:
PATH=/usr/local/texlive/2019/bin/x86_64-linux:/opt/anaconda3/bin:/opt/anaconda3/condabin:/usr/local/sbin:/usr/local/bin:/usr/sbin:/usr/bin:/sbin:/bin:/usr/games:/usr/local/games:/snap/bin:/opt/jason/scripts/:/opt/maple2019/bin:/usr/local/matlab/r2018b/bin:/opt/puppetlabs/bin
SHELL=/bin/bash
DISPLAY=localhost:14.0

Signal Handlers:
SIGSEGV: [libjvm.so+0xde5f50], sa_mask[0]=11111111011111111101111111111110, sa_flags=SA_RESTART|SA_SIGINFO
SIGBUS: [libjvm.so+0xde5f50], sa_mask[0]=11111111011111111101111111111110, sa_flags=SA_RESTART|SA_SIGINFO
SIGFPE: [libjvm.so+0xde5f50], sa_mask[0]=11111111011111111101111111111110, sa_flags=SA_RESTART|SA_SIGINFO
SIGPIPE: [libjvm.so+0xbba5b0], sa_mask[0]=11111111011111111101111111111110, sa_flags=SA_RESTART|SA_SIGINFO
SIGXFSZ: [libjvm.so+0xbba5b0], sa_mask[0]=11111111011111111101111111111110, sa_flags=SA_RESTART|SA_SIGINFO
SIGILL: [libjvm.so+0xde5f50], sa_mask[0]=11111111011111111101111111111110, sa_flags=SA_RESTART|SA_SIGINFO
SIGUSR2: [libjvm.so+0xbba450], sa_mask[0]=00100000000000000000000000000000, sa_flags=SA_RESTART|SA_SIGINFO
SIGHUP: SIG_DFL, sa_mask[0]=00000000000000000000000000000000, sa_flags=none
SIGINT: SIG_DFL, sa_mask[0]=00000000000000000000000000000000, sa_flags=none
SIGTERM: SIG_DFL, sa_mask[0]=00000000000000000000000000000000, sa_flags=none
SIGQUIT: SIG_DFL, sa_mask[0]=00000000000000000000000000000000, sa_flags=none


---------------  S Y S T E M  ---------------

OS:DISTRIB_ID=Ubuntu
DISTRIB_RELEASE=18.04
DISTRIB_CODENAME=bionic
DISTRIB_DESCRIPTION="Ubuntu 18.04.3 LTS"
uname:Linux 4.15.0-66-generic #75-Ubuntu SMP Tue Oct 1 05:24:09 UTC 2019 x86_64
libc:glibc 2.27 NPTL 2.27 
rlimit: STACK 2048k, CORE 0k, NPROC 250, NOFILE 2048, AS infinity, DATA 3145728k, FSIZE 4194303k
load average:0.54 0.64 0.68

/proc/meminfo:
MemTotal:       16425908 kB
MemFree:         2731004 kB
MemAvailable:   13983680 kB
Buffers:         1356972 kB
Cached:          8171212 kB
SwapCached:          268 kB
Active:         10927048 kB
Inactive:         522776 kB
Active(anon):    1417328 kB
Inactive(anon):   505812 kB
Active(file):    9509720 kB
Inactive(file):    16964 kB
Unevictable:          64 kB
Mlocked:              64 kB
SwapTotal:       2097148 kB
SwapFree:        2095100 kB
Dirty:               820 kB
Writeback:             0 kB
AnonPages:       1921564 kB
Mapped:           285916 kB
Shmem:              1500 kB
Slab:            2112316 kB
SReclaimable:    2051100 kB
SUnreclaim:        61216 kB
KernelStack:       10932 kB
PageTables:        40356 kB
NFS_Unstable:          0 kB
Bounce:                0 kB
WritebackTmp:          0 kB
CommitLimit:    10310100 kB
Committed_AS:    3894992 kB
VmallocTotal:   34359738367 kB
VmallocUsed:           0 kB
VmallocChunk:          0 kB
HardwareCorrupted:     0 kB
AnonHugePages:         0 kB
ShmemHugePages:        0 kB
ShmemPmdMapped:        0 kB
CmaTotal:              0 kB
CmaFree:               0 kB
HugePages_Total:       0
HugePages_Free:        0
HugePages_Rsvd:        0
HugePages_Surp:        0
Hugepagesize:       2048 kB
DirectMap4k:      298880 kB
DirectMap2M:    16478208 kB


/proc/sys/kernel/threads-max (system-wide limit on the number of threads):
127980


/proc/sys/vm/max_map_count (maximum number of memory map areas a process may have):
65530


/proc/sys/kernel/pid_max (system-wide limit on number of process identifiers):
32768



container (cgroup) information:
container_type: cgroupv1
cpu_cpuset_cpus: 0-3
cpu_memory_nodes: 0
active_processor_count: 4
cpu_quota: -1
cpu_period: 100000
cpu_shares: -1
memory_limit_in_bytes: -1
memory_and_swap_limit_in_bytes: -2
memory_soft_limit_in_bytes: -1
memory_usage_in_bytes: 11724849152
memory_max_usage_in_bytes: 0

Steal ticks since vm start: 0
Steal ticks percentage since vm start:  0.000

CPU:total 4 (initial active 4) (1 cores per cpu, 1 threads per core) family 6 model 58 stepping 0, cmov, cx8, fxsr, mmx, sse, sse2, sse3, ssse3, sse4.1, sse4.2, popcnt, avx, aes, clmul, erms, tsc, tscinvbit, tscinv
CPU Model and flags from /proc/cpuinfo:
model name	: Intel(R) Xeon(R) Silver 4114 CPU @ 2.20GHz
flags		: fpu vme de pse tsc msr pae mce cx8 apic sep mtrr pge mca cmov pat pse36 clflush mmx fxsr sse sse2 ss syscall nx rdtscp lm constant_tsc arch_perfmon nopl xtopology tsc_reliable nonstop_tsc cpuid pni pclmulqdq ssse3 cx16 pcid sse4_1 sse4_2 x2apic popcnt tsc_deadline_timer aes xsave avx f16c rdrand hypervisor lahf_lm cpuid_fault pti ssbd ibrs ibpb stibp fsgsbase tsc_adjust smep arat flush_l1d arch_capabilities

Memory: 4k page, physical 16425908k(2731004k free), swap 2097148k(2095100k free)

vm_info: OpenJDK 64-Bit Server VM (11.0.4+11-post-Ubuntu-1ubuntu218.04.3) for linux-amd64 JRE (11.0.4+11-post-Ubuntu-1ubuntu218.04.3), built on Jul 18 2019 18:21:46 by "buildd" with gcc 7.4.0

END.
