#
# There is insufficient memory for the Java Runtime Environment to continue.
# Cannot create worker GC thread. Out of system resources.
# Possible reasons:
#   The system is out of physical RAM or swap space
#   The process is running with CompressedOops enabled, and the Java Heap may be blocking the growth of the native heap
# Possible solutions:
#   Reduce memory load on the system
#   Increase physical memory or swap space
#   Check if swap backing store is full
#   Decrease Java heap size (-Xmx/-Xms)
#   Decrease number of Java threads
#   Decrease Java thread stack sizes (-Xss)
#   Set larger code cache with -XX:ReservedCodeCacheSize=
#   JVM is running with Unscaled Compressed Oops mode in which the Java heap is
#     placed in the first 4GB address space. The Java Heap base address is the
#     maximum limit for the native heap growth. Please use -XX:HeapBaseMinAddress
#     to set the Java Heap base and to place the Java Heap above 4GB virtual address.
# This output file may be truncated or incomplete.
#
#  Out of Memory Error (workerManager.hpp:70), pid=23940, tid=23940
#
# JRE version:  (11.0.4+11) (build )
# Java VM: OpenJDK 64-Bit Server VM (11.0.4+11-post-Ubuntu-1ubuntu218.04.3, mixed mode, aot, sharing, tiered, compressed oops, g1 gc, linux-amd64)
# Core dump will be written. Default location: Core dumps may be processed with "/usr/share/apport/apport %p %s %c %d %P" (or dumping to /u/l/jl2553/eclipse-workspace/ODPE/core.23940)
#

---------------  S U M M A R Y ------------

Command Line: -agentlib:jdwp=transport=dt_socket,suspend=y,address=localhost:33617 -javaagent:/u/l/jl2553/eclinux/configuration/org.eclipse.osgi/406/0/.cp/lib/javaagent-shaded.jar -Dfile.encoding=UTF-8 odpe.OpenDeductionProofEditor

Host: Intel(R) Xeon(R) Silver 4114 CPU @ 2.20GHz, 4 cores, 15G, Ubuntu 18.04.3 LTS
Time: Wed Nov 13 21:08:47 2019 GMT elapsed time: 0 seconds (0d 0h 0m 0s)

---------------  T H R E A D  ---------------

Current thread (0x000055f8be4e6800):  JavaThread "Unknown thread" [_thread_in_vm, id=23940, stack(0x00007fff60525000,0x00007fff60725000)]

Stack: [0x00007fff60525000,0x00007fff60725000],  sp=0x00007fff6071f5e0,  free space=2025k
Native frames: (J=compiled Java code, A=aot compiled Java code, j=interpreted, Vv=VM code, C=native code)
V  [libjvm.so+0xde4547]
V  [libjvm.so+0xde519b]
V  [libjvm.so+0x6511a5]
V  [libjvm.so+0xe0fde1]
V  [libjvm.so+0x72a0c5]
V  [libjvm.so+0x71bc39]
V  [libjvm.so+0xd9ea22]
V  [libjvm.so+0xd9ecc6]
V  [libjvm.so+0x80f907]
V  [libjvm.so+0xd7d627]
V  [libjvm.so+0x8c8611]  JNI_CreateJavaVM+0x51
C  [libjli.so+0x4a66]
C  [libjli.so+0x9ec1]
C  [libjli.so+0x6562]
C  [libjli.so+0x7c5e]  JLI_Launch+0x14ee
C  [java+0xb4e]


---------------  P R O C E S S  ---------------

Threads class SMR info:
_java_thread_list=0x000055f8be4d5070, length=0, elements={
}

Java Threads: ( => current thread )

Other Threads:

[error occurred during error reporting (printing all threads), id 0xb, SIGSEGV (0xb) at pc=0x00007fc74da94333]

VM state:not at safepoint (not fully initialized)

VM Mutex/Monitor currently owned by a thread: None


[error occurred during error reporting (printing compressed oops mode), id 0xb, SIGSEGV (0xb) at pc=0x00007fc74dab7413]

GC Heap History (0 events):
No events

Deoptimization events (0 events):
No events

Classes redefined (0 events):
No events

Internal exceptions (0 events):
No events

Events (0 events):
No events


Dynamic libraries:
55f8bd23c000-55f8bd23d000 r-xp 00000000 08:01 2885879                    /usr/lib/jvm/java-11-openjdk-amd64/bin/java
55f8bd43d000-55f8bd43e000 r--p 00001000 08:01 2885879                    /usr/lib/jvm/java-11-openjdk-amd64/bin/java
55f8bd43e000-55f8bd43f000 rw-p 00002000 08:01 2885879                    /usr/lib/jvm/java-11-openjdk-amd64/bin/java
55f8be4bd000-55f8be520000 rw-p 00000000 00:00 0                          [heap]
7fc733bc2000-7fc733bc3000 ---p 00000000 00:00 0 
7fc733bc3000-7fc733cc9000 rw-p 00000000 00:00 0 
7fc733cc9000-7fc733daf000 ---p 00000000 00:00 0 
7fc733daf000-7fc733db4000 rw-p 00000000 00:00 0 
7fc733db4000-7fc733e9a000 ---p 00000000 00:00 0 
7fc733e9a000-7fc73410a000 rwxp 00000000 00:00 0 
7fc73410a000-7fc73442a000 ---p 00000000 00:00 0 
7fc73442a000-7fc73469a000 rwxp 00000000 00:00 0 
7fc73469a000-7fc73b962000 ---p 00000000 00:00 0 
7fc73b962000-7fc73bbd2000 rwxp 00000000 00:00 0 
7fc73bbd2000-7fc742e9a000 ---p 00000000 00:00 0 
7fc742e9a000-7fc74b544000 r--s 00000000 08:01 4220712                    /usr/lib/jvm/java-11-openjdk-amd64/lib/modules
7fc74b544000-7fc74b549000 r-xp 00000000 08:01 4194878                    /usr/lib/jvm/java-11-openjdk-amd64/lib/libjimage.so
7fc74b549000-7fc74b748000 ---p 00005000 08:01 4194878                    /usr/lib/jvm/java-11-openjdk-amd64/lib/libjimage.so
7fc74b748000-7fc74b749000 r--p 00004000 08:01 4194878                    /usr/lib/jvm/java-11-openjdk-amd64/lib/libjimage.so
7fc74b749000-7fc74b74a000 rw-p 00005000 08:01 4194878                    /usr/lib/jvm/java-11-openjdk-amd64/lib/libjimage.so
7fc74b74a000-7fc74b751000 r-xp 00000000 08:01 4220710                    /usr/lib/jvm/java-11-openjdk-amd64/lib/libzip.so
7fc74b751000-7fc74b950000 ---p 00007000 08:01 4220710                    /usr/lib/jvm/java-11-openjdk-amd64/lib/libzip.so
7fc74b950000-7fc74b951000 r--p 00006000 08:01 4220710                    /usr/lib/jvm/java-11-openjdk-amd64/lib/libzip.so
7fc74b951000-7fc74b952000 rw-p 00007000 08:01 4220710                    /usr/lib/jvm/java-11-openjdk-amd64/lib/libzip.so
7fc74b952000-7fc74b95c000 r-xp 00000000 08:01 4194869                    /usr/lib/jvm/java-11-openjdk-amd64/lib/libinstrument.so
7fc74b95c000-7fc74bb5b000 ---p 0000a000 08:01 4194869                    /usr/lib/jvm/java-11-openjdk-amd64/lib/libinstrument.so
7fc74bb5b000-7fc74bb5c000 r--p 00009000 08:01 4194869                    /usr/lib/jvm/java-11-openjdk-amd64/lib/libinstrument.so
7fc74bb5c000-7fc74bb5d000 rw-p 0000a000 08:01 4194869                    /usr/lib/jvm/java-11-openjdk-amd64/lib/libinstrument.so
7fc74bb5d000-7fc74bb98000 r-xp 00000000 08:01 4194877                    /usr/lib/jvm/java-11-openjdk-amd64/lib/libjdwp.so
7fc74bb98000-7fc74bd97000 ---p 0003b000 08:01 4194877                    /usr/lib/jvm/java-11-openjdk-amd64/lib/libjdwp.so
7fc74bd97000-7fc74bd98000 r--p 0003a000 08:01 4194877                    /usr/lib/jvm/java-11-openjdk-amd64/lib/libjdwp.so
7fc74bd98000-7fc74bd99000 rw-p 0003b000 08:01 4194877                    /usr/lib/jvm/java-11-openjdk-amd64/lib/libjdwp.so
7fc74bd99000-7fc74bdc2000 r-xp 00000000 08:01 4194874                    /usr/lib/jvm/java-11-openjdk-amd64/lib/libjava.so
7fc74bdc2000-7fc74bfc1000 ---p 00029000 08:01 4194874                    /usr/lib/jvm/java-11-openjdk-amd64/lib/libjava.so
7fc74bfc1000-7fc74bfc2000 r--p 00028000 08:01 4194874                    /usr/lib/jvm/java-11-openjdk-amd64/lib/libjava.so
7fc74bfc2000-7fc74bfc4000 rw-p 00029000 08:01 4194874                    /usr/lib/jvm/java-11-openjdk-amd64/lib/libjava.so
7fc74bfc4000-7fc74bfd1000 r-xp 00000000 08:01 4197076                    /usr/lib/jvm/java-11-openjdk-amd64/lib/libverify.so
7fc74bfd1000-7fc74c1d0000 ---p 0000d000 08:01 4197076                    /usr/lib/jvm/java-11-openjdk-amd64/lib/libverify.so
7fc74c1d0000-7fc74c1d2000 r--p 0000c000 08:01 4197076                    /usr/lib/jvm/java-11-openjdk-amd64/lib/libverify.so
7fc74c1d2000-7fc74c1d3000 rw-p 0000e000 08:01 4197076                    /usr/lib/jvm/java-11-openjdk-amd64/lib/libverify.so
7fc74c1d3000-7fc74c1da000 r-xp 00000000 08:01 5505543                    /lib/x86_64-linux-gnu/librt-2.27.so
7fc74c1da000-7fc74c3d9000 ---p 00007000 08:01 5505543                    /lib/x86_64-linux-gnu/librt-2.27.so
7fc74c3d9000-7fc74c3da000 r--p 00006000 08:01 5505543                    /lib/x86_64-linux-gnu/librt-2.27.so
7fc74c3da000-7fc74c3db000 rw-p 00007000 08:01 5505543                    /lib/x86_64-linux-gnu/librt-2.27.so
7fc74c3db000-7fc74c3f2000 r-xp 00000000 08:01 5505055                    /lib/x86_64-linux-gnu/libgcc_s.so.1
7fc74c3f2000-7fc74c5f1000 ---p 00017000 08:01 5505055                    /lib/x86_64-linux-gnu/libgcc_s.so.1
7fc74c5f1000-7fc74c5f2000 r--p 00016000 08:01 5505055                    /lib/x86_64-linux-gnu/libgcc_s.so.1
7fc74c5f2000-7fc74c5f3000 rw-p 00017000 08:01 5505055                    /lib/x86_64-linux-gnu/libgcc_s.so.1
7fc74c5f3000-7fc74c790000 r-xp 00000000 08:01 5505496                    /lib/x86_64-linux-gnu/libm-2.27.so
7fc74c790000-7fc74c98f000 ---p 0019d000 08:01 5505496                    /lib/x86_64-linux-gnu/libm-2.27.so
7fc74c98f000-7fc74c990000 r--p 0019c000 08:01 5505496                    /lib/x86_64-linux-gnu/libm-2.27.so
7fc74c990000-7fc74c991000 rw-p 0019d000 08:01 5505496                    /lib/x86_64-linux-gnu/libm-2.27.so
7fc74c991000-7fc74cb0a000 r-xp 00000000 08:01 2886473                    /usr/lib/x86_64-linux-gnu/libstdc++.so.6.0.25
7fc74cb0a000-7fc74cd0a000 ---p 00179000 08:01 2886473                    /usr/lib/x86_64-linux-gnu/libstdc++.so.6.0.25
7fc74cd0a000-7fc74cd14000 r--p 00179000 08:01 2886473                    /usr/lib/x86_64-linux-gnu/libstdc++.so.6.0.25
7fc74cd14000-7fc74cd16000 rw-p 00183000 08:01 2886473                    /usr/lib/x86_64-linux-gnu/libstdc++.so.6.0.25
7fc74cd16000-7fc74cd1a000 rw-p 00000000 00:00 0 
7fc74cd1a000-7fc74dde6000 r-xp 00000000 08:01 4275021                    /usr/lib/jvm/java-11-openjdk-amd64/lib/server/libjvm.so
7fc74dde6000-7fc74dfe5000 ---p 010cc000 08:01 4275021                    /usr/lib/jvm/java-11-openjdk-amd64/lib/server/libjvm.so
7fc74dfe5000-7fc74e0a2000 r--p 010cb000 08:01 4275021                    /usr/lib/jvm/java-11-openjdk-amd64/lib/server/libjvm.so
7fc74e0a2000-7fc74e0db000 rw-p 01188000 08:01 4275021                    /usr/lib/jvm/java-11-openjdk-amd64/lib/server/libjvm.so
7fc74e0db000-7fc74e131000 rw-p 00000000 00:00 0 
7fc74e131000-7fc74e14b000 r-xp 00000000 08:01 5505537                    /lib/x86_64-linux-gnu/libpthread-2.27.so
7fc74e14b000-7fc74e34a000 ---p 0001a000 08:01 5505537                    /lib/x86_64-linux-gnu/libpthread-2.27.so
7fc74e34a000-7fc74e34b000 r--p 00019000 08:01 5505537                    /lib/x86_64-linux-gnu/libpthread-2.27.so
7fc74e34b000-7fc74e34c000 rw-p 0001a000 08:01 5505537                    /lib/x86_64-linux-gnu/libpthread-2.27.so
7fc74e34c000-7fc74e350000 rw-p 00000000 00:00 0 
7fc74e350000-7fc74e353000 r-xp 00000000 08:01 5505467                    /lib/x86_64-linux-gnu/libdl-2.27.so
7fc74e353000-7fc74e552000 ---p 00003000 08:01 5505467                    /lib/x86_64-linux-gnu/libdl-2.27.so
7fc74e552000-7fc74e553000 r--p 00002000 08:01 5505467                    /lib/x86_64-linux-gnu/libdl-2.27.so
7fc74e553000-7fc74e554000 rw-p 00003000 08:01 5505467                    /lib/x86_64-linux-gnu/libdl-2.27.so
7fc74e554000-7fc74e570000 r-xp 00000000 08:01 5505568                    /lib/x86_64-linux-gnu/libz.so.1.2.11
7fc74e570000-7fc74e76f000 ---p 0001c000 08:01 5505568                    /lib/x86_64-linux-gnu/libz.so.1.2.11
7fc74e76f000-7fc74e770000 r--p 0001b000 08:01 5505568                    /lib/x86_64-linux-gnu/libz.so.1.2.11
7fc74e770000-7fc74e771000 rw-p 0001c000 08:01 5505568                    /lib/x86_64-linux-gnu/libz.so.1.2.11
7fc74e771000-7fc74e958000 r-xp 00000000 08:01 5505450                    /lib/x86_64-linux-gnu/libc-2.27.so
7fc74e958000-7fc74eb58000 ---p 001e7000 08:01 5505450                    /lib/x86_64-linux-gnu/libc-2.27.so
7fc74eb58000-7fc74eb5c000 r--p 001e7000 08:01 5505450                    /lib/x86_64-linux-gnu/libc-2.27.so
7fc74eb5c000-7fc74eb5e000 rw-p 001eb000 08:01 5505450                    /lib/x86_64-linux-gnu/libc-2.27.so
7fc74eb5e000-7fc74eb62000 rw-p 00000000 00:00 0 
7fc74eb62000-7fc74eb72000 r-xp 00000000 08:01 4194858                    /usr/lib/jvm/java-11-openjdk-amd64/lib/jli/libjli.so
7fc74eb72000-7fc74ed71000 ---p 00010000 08:01 4194858                    /usr/lib/jvm/java-11-openjdk-amd64/lib/jli/libjli.so
7fc74ed71000-7fc74ed72000 r--p 0000f000 08:01 4194858                    /usr/lib/jvm/java-11-openjdk-amd64/lib/jli/libjli.so
7fc74ed72000-7fc74ed73000 rw-p 00010000 08:01 4194858                    /usr/lib/jvm/java-11-openjdk-amd64/lib/jli/libjli.so
7fc74ed73000-7fc74ed9a000 r-xp 00000000 08:01 5505426                    /lib/x86_64-linux-gnu/ld-2.27.so
7fc74edbc000-7fc74ee68000 r--s 00000000 08:01 657587                     /var/cache/nscd/passwd
7fc74ee68000-7fc74ef6b000 rw-p 00000000 00:00 0 
7fc74ef80000-7fc74ef85000 rw-p 00000000 00:00 0 
7fc74ef85000-7fc74ef8c000 ---p 00000000 00:00 0 
7fc74ef8c000-7fc74ef8e000 r--s 00007000 08:01 4353308                    /usr/share/java/java-atk-wrapper.jar
7fc74ef8e000-7fc74ef96000 rw-s 00000000 08:01 4003908                    /tmp/hsperfdata_jl2553/23940
7fc74ef96000-7fc74ef97000 ---p 00000000 00:00 0 
7fc74ef97000-7fc74ef98000 r--p 00000000 00:00 0 
7fc74ef98000-7fc74ef9a000 rw-p 00000000 00:00 0 
7fc74ef9a000-7fc74ef9b000 r--p 00027000 08:01 5505426                    /lib/x86_64-linux-gnu/ld-2.27.so
7fc74ef9b000-7fc74ef9c000 rw-p 00028000 08:01 5505426                    /lib/x86_64-linux-gnu/ld-2.27.so
7fc74ef9c000-7fc74ef9d000 rw-p 00000000 00:00 0 
7fff60525000-7fff60529000 ---p 00000000 00:00 0 
7fff60704000-7fff60725000 rw-p 00000000 00:00 0                          [stack]
7fff6077f000-7fff60782000 r--p 00000000 00:00 0                          [vvar]
7fff60782000-7fff60784000 r-xp 00000000 00:00 0                          [vdso]
ffffffffff600000-ffffffffff601000 r-xp 00000000 00:00 0                  [vsyscall]


VM Arguments:
jvm_args: -agentlib:jdwp=transport=dt_socket,suspend=y,address=localhost:33617 -javaagent:/u/l/jl2553/eclinux/configuration/org.eclipse.osgi/406/0/.cp/lib/javaagent-shaded.jar -Dfile.encoding=UTF-8 
java_command: odpe.OpenDeductionProofEditor
java_class_path (initial): /u/l/jl2553/eclipse-workspace/ODPE/bin
Launcher Type: SUN_STANDARD

[Global flags]
     intx CICompilerCount                          = 3                                         {product} {ergonomic}
     uint G1ConcRefinementThreads                  = 4                                         {product} {ergonomic}
   size_t G1HeapRegionSize                         = 1048576                                   {product} {ergonomic}
    uintx GCDrainStackTargetSize                   = 64                                        {product} {ergonomic}
   size_t InitialHeapSize                          = 264241152                                 {product} {ergonomic}
   size_t MaxHeapSize                              = 4206886912                                {product} {ergonomic}
   size_t MinHeapDeltaBytes                        = 1048576                                   {product} {ergonomic}
    uintx NonNMethodCodeHeapSize                   = 5830092                                {pd product} {ergonomic}
    uintx NonProfiledCodeHeapSize                  = 122914074                              {pd product} {ergonomic}
    uintx ProfiledCodeHeapSize                     = 122914074                              {pd product} {ergonomic}
    uintx ReservedCodeCacheSize                    = 251658240                              {pd product} {ergonomic}
     bool SegmentedCodeCache                       = true                                      {product} {ergonomic}
     bool UseCompressedClassPointers               = true                                 {lp64_product} {ergonomic}
     bool UseCompressedOops                        = true                                 {lp64_product} {ergonomic}
     bool UseG1GC                                  = true                                      {product} {ergonomic}

Logging:
Log output configuration:
 #0: stdout all=warning uptime,level,tags
 #1: stderr all=off uptime,level,tags

Environment Variables:
PATH=/usr/local/texlive/2019/bin/x86_64-linux:/opt/anaconda3/bin:/opt/anaconda3/condabin:/usr/local/sbin:/usr/local/bin:/usr/sbin:/usr/bin:/sbin:/bin:/usr/games:/usr/local/games:/snap/bin:/opt/jason/scripts/:/opt/maple2019/bin:/usr/local/matlab/r2018b/bin:/opt/puppetlabs/bin
SHELL=/bin/bash
DISPLAY=localhost:14.0

Signal Handlers:
SIGSEGV: [libjvm.so+0xde5f50], sa_mask[0]=11111111011111111101111111111110, sa_flags=SA_RESTART|SA_SIGINFO
SIGBUS: [libjvm.so+0xde5f50], sa_mask[0]=11111111011111111101111111111110, sa_flags=SA_RESTART|SA_SIGINFO
SIGFPE: [libjvm.so+0xde5f50], sa_mask[0]=11111111011111111101111111111110, sa_flags=SA_RESTART|SA_SIGINFO
SIGPIPE: [libjvm.so+0xbba5b0], sa_mask[0]=11111111011111111101111111111110, sa_flags=SA_RESTART|SA_SIGINFO
SIGXFSZ: [libjvm.so+0xbba5b0], sa_mask[0]=11111111011111111101111111111110, sa_flags=SA_RESTART|SA_SIGINFO
SIGILL: [libjvm.so+0xde5f50], sa_mask[0]=11111111011111111101111111111110, sa_flags=SA_RESTART|SA_SIGINFO
SIGUSR2: [libjvm.so+0xbba450], sa_mask[0]=00100000000000000000000000000000, sa_flags=SA_RESTART|SA_SIGINFO
SIGHUP: SIG_DFL, sa_mask[0]=00000000000000000000000000000000, sa_flags=none
SIGINT: SIG_DFL, sa_mask[0]=00000000000000000000000000000000, sa_flags=none
SIGTERM: SIG_DFL, sa_mask[0]=00000000000000000000000000000000, sa_flags=none
SIGQUIT: SIG_DFL, sa_mask[0]=00000000000000000000000000000000, sa_flags=none


---------------  S Y S T E M  ---------------

OS:DISTRIB_ID=Ubuntu
DISTRIB_RELEASE=18.04
DISTRIB_CODENAME=bionic
DISTRIB_DESCRIPTION="Ubuntu 18.04.3 LTS"
uname:Linux 4.15.0-66-generic #75-Ubuntu SMP Tue Oct 1 05:24:09 UTC 2019 x86_64
libc:glibc 2.27 NPTL 2.27 
rlimit: STACK 2048k, CORE 0k, NPROC 250, NOFILE 2048, AS infinity, DATA 3145728k, FSIZE 4194303k
load average:0.41 0.62 0.67

/proc/meminfo:
MemTotal:       16425908 kB
MemFree:         2749968 kB
MemAvailable:   14002564 kB
Buffers:         1356972 kB
Cached:          8170936 kB
SwapCached:          268 kB
Active:         10907600 kB
Inactive:         522788 kB
Active(anon):    1397972 kB
Inactive(anon):   505812 kB
Active(file):    9509628 kB
Inactive(file):    16976 kB
Unevictable:          64 kB
Mlocked:              64 kB
SwapTotal:       2097148 kB
SwapFree:        2095100 kB
Dirty:               808 kB
Writeback:            24 kB
AnonPages:       1902236 kB
Mapped:           287288 kB
Shmem:              1500 kB
Slab:            2112264 kB
SReclaimable:    2051100 kB
SUnreclaim:        61164 kB
KernelStack:       11188 kB
PageTables:        40648 kB
NFS_Unstable:          0 kB
Bounce:                0 kB
WritebackTmp:          0 kB
CommitLimit:    10310100 kB
Committed_AS:    4241224 kB
VmallocTotal:   34359738367 kB
VmallocUsed:           0 kB
VmallocChunk:          0 kB
HardwareCorrupted:     0 kB
AnonHugePages:         0 kB
ShmemHugePages:        0 kB
ShmemPmdMapped:        0 kB
CmaTotal:              0 kB
CmaFree:               0 kB
HugePages_Total:       0
HugePages_Free:        0
HugePages_Rsvd:        0
HugePages_Surp:        0
Hugepagesize:       2048 kB
DirectMap4k:      298880 kB
DirectMap2M:    16478208 kB


/proc/sys/kernel/threads-max (system-wide limit on the number of threads):
127980


/proc/sys/vm/max_map_count (maximum number of memory map areas a process may have):
65530


/proc/sys/kernel/pid_max (system-wide limit on number of process identifiers):
32768



container (cgroup) information:
container_type: cgroupv1
cpu_cpuset_cpus: 0-3
cpu_memory_nodes: 0
active_processor_count: 4
cpu_quota: -1
cpu_period: 100000
cpu_shares: -1
memory_limit_in_bytes: -1
memory_and_swap_limit_in_bytes: -2
memory_soft_limit_in_bytes: -1
memory_usage_in_bytes: 11705036800
memory_max_usage_in_bytes: 0

Steal ticks since vm start: 0
Steal ticks percentage since vm start:  0.000

CPU:total 4 (initial active 4) (1 cores per cpu, 1 threads per core) family 6 model 58 stepping 0, cmov, cx8, fxsr, mmx, sse, sse2, sse3, ssse3, sse4.1, sse4.2, popcnt, avx, aes, clmul, erms, tsc, tscinvbit, tscinv
CPU Model and flags from /proc/cpuinfo:
model name	: Intel(R) Xeon(R) Silver 4114 CPU @ 2.20GHz
flags		: fpu vme de pse tsc msr pae mce cx8 apic sep mtrr pge mca cmov pat pse36 clflush mmx fxsr sse sse2 ss syscall nx rdtscp lm constant_tsc arch_perfmon nopl xtopology tsc_reliable nonstop_tsc cpuid pni pclmulqdq ssse3 cx16 pcid sse4_1 sse4_2 x2apic popcnt tsc_deadline_timer aes xsave avx f16c rdrand hypervisor lahf_lm cpuid_fault pti ssbd ibrs ibpb stibp fsgsbase tsc_adjust smep arat flush_l1d arch_capabilities

Memory: 4k page, physical 16425908k(2749968k free), swap 2097148k(2095100k free)

vm_info: OpenJDK 64-Bit Server VM (11.0.4+11-post-Ubuntu-1ubuntu218.04.3) for linux-amd64 JRE (11.0.4+11-post-Ubuntu-1ubuntu218.04.3), built on Jul 18 2019 18:21:46 by "buildd" with gcc 7.4.0

END.
